<?xml version="1.0" encoding="UTF-8"?>
<!-- Generated by org.testng.reporters.JUnitReportReporter -->
<testsuite hostname="LFR035411" failures="0" tests="1" name="jenk.SEl" time="13.344" errors="0" timestamp="2020-04-21T19:56:50 CEST" skipped="0">
  <testcase classname="jenk.SEl" name="test" time="13.344"/>
</testsuite> <!-- jenk.SEl -->
