<?xml version="1.0" encoding="UTF-8"?>
<!-- Generated by org.testng.reporters.JUnitReportReporter -->
<testsuite hostname="LFR035411" failures="0" tests="1" name="jenk.SEl" time="9.055" errors="0" timestamp="2020-04-22T15:19:15 CEST" skipped="0">
  <testcase classname="jenk.SEl" name="test" time="9.055"/>
</testsuite> <!-- jenk.SEl -->
