<?xml version="1.0" encoding="UTF-8"?>
<!-- Generated by org.testng.reporters.JUnitReportReporter -->
<testsuite hostname="LFR035411" failures="0" tests="1" name="SEl" time="10.604" errors="0" timestamp="2020-04-21T16:11:09 CEST" skipped="0">
  <testcase classname="SEl" name="test" time="10.604"/>
</testsuite> <!-- SEl -->
